<?xml version="1.0" encoding="UTF-8"?>
<!-- Generated by org.testng.reporters.JUnitXMLReporter -->
<testsuite ignored="0" hostname="LAPTOP-BR2K3LT2" failures="1" tests="8" name="Test" time="8.853" errors="0" timestamp="2025-05-27T18:26:35 IST">
  <testcase classname="org.day8.Shopping" name="launch" time="4.41"/>
  <testcase classname="org.day8.Shopping" name="username" time="0.085"/>
  <testcase classname="org.day8.Shopping" name="password" time="0.445"/>
  <testcase classname="org.day8.Shopping" name="login" time="0.17"/>
  <testcase classname="org.day8.Shopping" name="product" time="3.642">
    <failure type="org.openqa.selenium.ElementClickInterceptedException" message="element click intercepted: Element &amp;lt;div id=&amp;quot;laptopsImg&amp;quot; aria-label=&amp;quot;LaptopsCategory&amp;quot; ng-click=&amp;quot;redirect(&amp;apos;/category/&amp;apos; + categories[0].categoryName + &amp;apos;/&amp;apos; + categories[0].categoryId)&amp;quot; class=&amp;quot;laptopImg categoryCell&amp;quot; role=&amp;quot;link&amp;quot; href=&amp;quot;javascript:void(0)&amp;quot; a-sec-back-img=&amp;quot;laptops&amp;quot; style=&amp;quot;background-image: url(&amp;amp;quot;catalog/fetchImage?image_id=laptops&amp;amp;quot;);&amp;quot;&amp;gt;...&amp;lt;/div&amp;gt; is not clickable at point (173, 440). Other element would receive the click: &amp;lt;div class=&amp;quot;PopUp&amp;quot; style=&amp;quot;display: block;&amp;quot;&amp;gt;...&amp;lt;/div&amp;gt;
  (Session info: chrome=136.0.7103.113)
Build info: version: &amp;apos;4.28.1&amp;apos;, revision: &amp;apos;73f5ad48a2&amp;apos;
System info: os.name: &amp;apos;Windows 11&amp;apos;, os.arch: &amp;apos;amd64&amp;apos;, os.version: &amp;apos;10.0&amp;apos;, java.version: &amp;apos;11.0.18&amp;apos;
Driver info: org.openqa.selenium.chrome.ChromeDriver
Command: [4765c3967bea97b94e936b61f7c801a1, clickElement {id=f.91B4BAB263C0D2861F159DF4AAF7291E.d.1BCBA2AAA2FB6750C822E76B1B615E2C.e.118}]
Capabilities {acceptInsecureCerts: false, browserName: chrome, browserVersion: 136.0.7103.113, chrome: {chromedriverVersion: 136.0.7103.113 (76fa3c17824..., userDataDir: C:\Users\judso\AppData\Loca...}, fedcm:accounts: true, goog:chromeOptions: {debuggerAddress: localhost:61063}, networkConnectionEnabled: false, pageLoadStrategy: normal, platformName: windows, proxy: Proxy(), se:cdp: ws://localhost:61063/devtoo..., se:cdpVersion: 136.0.7103.113, setWindowRect: true, strictFileInteractability: false, timeouts: {implicit: 0, pageLoad: 300000, script: 30000}, unhandledPromptBehavior: dismiss and notify, webauthn:extension:credBlob: true, webauthn:extension:largeBlob: true, webauthn:extension:minPinLength: true, webauthn:extension:prf: true, webauthn:virtualAuthenticators: true}
Element: [[ChromeDriver: chrome on windows (4765c3967bea97b94e936b61f7c801a1)] -&amp;gt; xpath: //div[@id=&amp;apos;laptopsImg&amp;apos;]]
Session ID: 4765c3967bea97b94e936b61f7c801a1">
      <![CDATA[org.openqa.selenium.ElementClickInterceptedException: element click intercepted: Element <div id="laptopsImg" aria-label="LaptopsCategory" ng-click="redirect('/category/' + categories[0].categoryName + '/' + categories[0].categoryId)" class="laptopImg categoryCell" role="link" href="javascript:void(0)" a-sec-back-img="laptops" style="background-image: url(&quot;catalog/fetchImage?image_id=laptops&quot;);">...</div> is not clickable at point (173, 440). Other element would receive the click: <div class="PopUp" style="display: block;">...</div>
  (Session info: chrome=136.0.7103.113)
Build info: version: '4.28.1', revision: '73f5ad48a2'
System info: os.name: 'Windows 11', os.arch: 'amd64', os.version: '10.0', java.version: '11.0.18'
Driver info: org.openqa.selenium.chrome.ChromeDriver
Command: [4765c3967bea97b94e936b61f7c801a1, clickElement {id=f.91B4BAB263C0D2861F159DF4AAF7291E.d.1BCBA2AAA2FB6750C822E76B1B615E2C.e.118}]
Capabilities {acceptInsecureCerts: false, browserName: chrome, browserVersion: 136.0.7103.113, chrome: {chromedriverVersion: 136.0.7103.113 (76fa3c17824..., userDataDir: C:\Users\judso\AppData\Loca...}, fedcm:accounts: true, goog:chromeOptions: {debuggerAddress: localhost:61063}, networkConnectionEnabled: false, pageLoadStrategy: normal, platformName: windows, proxy: Proxy(), se:cdp: ws://localhost:61063/devtoo..., se:cdpVersion: 136.0.7103.113, setWindowRect: true, strictFileInteractability: false, timeouts: {implicit: 0, pageLoad: 300000, script: 30000}, unhandledPromptBehavior: dismiss and notify, webauthn:extension:credBlob: true, webauthn:extension:largeBlob: true, webauthn:extension:minPinLength: true, webauthn:extension:prf: true, webauthn:virtualAuthenticators: true}
Element: [[ChromeDriver: chrome on windows (4765c3967bea97b94e936b61f7c801a1)] -> xpath: //div[@id='laptopsImg']]
Session ID: 4765c3967bea97b94e936b61f7c801a1
at org.openqa.selenium.remote.ErrorCodec.decode(ErrorCodec.java:167)
at org.openqa.selenium.remote.codec.w3c.W3CHttpResponseCodec.decode(W3CHttpResponseCodec.java:138)
at org.openqa.selenium.remote.codec.w3c.W3CHttpResponseCodec.decode(W3CHttpResponseCodec.java:50)
at org.openqa.selenium.remote.HttpCommandExecutor.execute(HttpCommandExecutor.java:215)
at org.openqa.selenium.remote.service.DriverCommandExecutor.invokeExecute(DriverCommandExecutor.java:216)
at org.openqa.selenium.remote.service.DriverCommandExecutor.execute(DriverCommandExecutor.java:174)
at org.openqa.selenium.remote.RemoteWebDriver.execute(RemoteWebDriver.java:545)
at org.openqa.selenium.remote.RemoteWebElement.execute(RemoteWebElement.java:223)
at org.openqa.selenium.remote.RemoteWebElement.click(RemoteWebElement.java:76)
at org.day8.Shopping.product(Shopping.java:43)
at java.base/java.util.ArrayList.forEach(ArrayList.java:1541)
... Removed 31 stack frames]]>
    </failure>
  </testcase> <!-- product -->
  <testcase classname="org.day8.Shopping" name="addtocart" time="0.0">
    <skipped/>
  </testcase> <!-- addtocart -->
  <testcase classname="org.day8.Shopping" name="address" time="0.002">
    <skipped/>
  </testcase> <!-- address -->
  <testcase classname="org.day8.Shopping" name="payment" time="0.0">
    <skipped/>
  </testcase> <!-- payment -->
</testsuite> <!-- Test -->
